\BOOKMARK [1][-]{section.1}{\376\377\0001\000\040\000I\000n\000t\000r\000o\000d\000u\000c\000t\000i\000o\000n\000\040\000[\000B\000U\000D\000G\000E\000T\000=\0001\000p\000]}{}% 1
\BOOKMARK [1][-]{section.2}{\376\377\0002\000\040\000B\000a\000c\000k\000g\000r\000o\000u\000n\000d\000\040\000[\000B\000U\000D\000G\000E\000T\000=\0000\000.\0007\0005\000p\000]}{}% 2
\BOOKMARK [1][-]{section.3}{\376\377\0003\000\040\000T\000C\000P\000L\000S\000\040\000D\000e\000s\000i\000g\000n\000\040\000[\000B\000U\000D\000G\000E\000T\000=\0003\000p\000]}{}% 3
\BOOKMARK [2][-]{subsection.3.1}{\376\377\0003\000.\0001\000\040\000O\000v\000e\000r\000v\000i\000e\000w}{section.3}% 4
\BOOKMARK [2][-]{subsection.3.2}{\376\377\0003\000.\0002\000\040\000T\000h\000e\000\040\000S\000e\000c\000u\000r\000e\000\040\000C\000o\000n\000t\000r\000o\000l\000\040\000C\000h\000a\000n\000n\000e\000l}{section.3}% 5
\BOOKMARK [2][-]{subsection.3.3}{\376\377\0003\000.\0003\000\040\000M\000u\000l\000t\000i\000p\000a\000t\000h\000\040\000i\000n\000\040\000a\000\040\000M\000o\000d\000e\000r\000n\000\040\000T\000r\000a\000n\000s\000p\000o\000r\000t\000\040\000P\000r\000o\000t\000o\000c\000o\000l}{section.3}% 6
\BOOKMARK [2][-]{subsection.3.4}{\376\377\0003\000.\0004\000\040\000D\000a\000t\000a\000s\000t\000r\000e\000a\000m\000s\000\040\000a\000n\000d\000\040\000T\000C\000P\000\040\000C\000o\000n\000n\000e\000c\000t\000i\000o\000n\000s}{section.3}% 7
\BOOKMARK [2][-]{subsection.3.5}{\376\377\0003\000.\0005\000\040\000S\000e\000c\000u\000r\000e\000\040\000C\000o\000n\000n\000e\000c\000t\000i\000o\000n\000\040\000C\000l\000o\000s\000i\000n\000g}{section.3}% 8
\BOOKMARK [1][-]{section.4}{\376\377\0004\000\040\000T\000C\000P\000L\000S\000\040\000P\000r\000o\000t\000o\000t\000y\000p\000e\000[\000B\000U\000D\000G\000E\000T\000=\0002\000.\0005\000p\000]}{}% 9
\BOOKMARK [2][-]{subsection.4.1}{\376\377\0004\000.\0001\000\040\000T\000h\000e\000\040\000T\000C\000P\000L\000S\000\040\000A\000P\000I}{section.4}% 10
\BOOKMARK [2][-]{subsection.4.2}{\376\377\0004\000.\0002\000\040\000O\000n\000\040\000T\000C\000P\000\040\000e\000x\000t\000e\000n\000s\000i\000b\000i\000l\000i\000t\000y}{section.4}% 11
\BOOKMARK [2][-]{subsection.4.3}{\376\377\0004\000.\0003\000\040\000M\000u\000l\000t\000i\000p\000a\000t\000h\000i\000n\000g}{section.4}% 12
\BOOKMARK [2][-]{subsection.4.4}{\376\377\0004\000.\0004\000\040\0000\000-\000R\000T\000T\000\040\000C\000o\000n\000n\000e\000c\000t\000i\000o\000n\000s}{section.4}% 13
\BOOKMARK [1][-]{section.5}{\376\377\0005\000\040\000E\000v\000a\000l\000u\000a\000t\000i\000o\000n\000[\000B\000U\000D\000G\000E\000T\000=\0003\000p\000]}{}% 14
\BOOKMARK [2][-]{subsection.5.1}{\376\377\0005\000.\0001\000\040\000G\000e\000n\000e\000r\000a\000l\000\040\000M\000e\000t\000h\000o\000d\000o\000l\000o\000g\000y}{section.5}% 15
\BOOKMARK [2][-]{subsection.5.2}{\376\377\0005\000.\0002\000\040\000C\000a\000p\000a\000b\000i\000l\000i\000t\000y\000\040\000C\000o\000m\000p\000a\000r\000i\000s\000o\000n\000\040\000B\000e\000t\000w\000e\000e\000n\000\040\000Q\000U\000I\000C\000,\000\040\000T\000C\000P\000\040\000a\000n\000d\000\040\000T\000L\000S\000\040\000/\000T\000C\000P\000\040}{section.5}% 16
\BOOKMARK [2][-]{subsection.5.3}{\376\377\0005\000.\0003\000\040\000A\000p\000p\000l\000i\000c\000a\000t\000i\000o\000n\000-\000l\000e\000v\000e\000l\000\040\000m\000i\000g\000r\000a\000t\000i\000o\000n}{section.5}% 17
\BOOKMARK [2][-]{subsection.5.4}{\376\377\0005\000.\0004\000\040\000F\000a\000i\000l\000o\000v\000e\000r}{section.5}% 18
\BOOKMARK [2][-]{subsection.5.5}{\376\377\0005\000.\0005\000\040\000M\000i\000d\000d\000l\000e\000b\000o\000x\000\040\000I\000n\000t\000e\000r\000f\000e\000r\000e\000n\000c\000e\000s}{section.5}% 19
\BOOKMARK [2][-]{subsection.5.6}{\376\377\0005\000.\0006\000\040\000C\000o\000n\000g\000e\000s\000t\000i\000o\000n\000\040\000C\000o\000n\000t\000r\000o\000l\000\040\000I\000n\000j\000e\000c\000t\000i\000o\000n}{section.5}% 20
\BOOKMARK [2][-]{subsection.5.7}{\376\377\0005\000.\0007\000\040\000P\000e\000r\000f\000o\000r\000m\000a\000n\000c\000e}{section.5}% 21
\BOOKMARK [1][-]{section.6}{\376\377\0006\000\040\000C\000o\000n\000c\000l\000u\000s\000i\000o\000n\000[\000B\000U\000D\000G\000E\000T\000=\0000\000.\0005\000]}{}% 22
\BOOKMARK [1][-]{section*.9}{\376\377\000R\000e\000f\000e\000r\000e\000n\000c\000e\000s}{}% 23
